<?xml version="1.0" encoding="UTF-8"?>
<testng-results skipped="0" failed="0" total="4" passed="4">
  <reporter-output>
  </reporter-output>
  <suite name="Suite" duration-ms="50927" started-at="2021-02-22T19:19:01Z" finished-at="2021-02-22T19:19:51Z">
    <groups>
    </groups>
    <test name="Test" duration-ms="50927" started-at="2021-02-22T19:19:01Z" finished-at="2021-02-22T19:19:51Z">
      <class name="com.crm.qa.testcases.SignUpPageTest">
        <test-method status="PASS" signature="setup()[pri:0, instance:com.crm.qa.testcases.SignUpPageTest@78047b92]" name="setup" is-config="true" duration-ms="9825" started-at="2021-02-23T00:49:02Z" finished-at="2021-02-23T00:49:11Z">
          <reporter-output>
          </reporter-output>
        </test-method> <!-- setup -->
        <test-method status="PASS" signature="SignInpage(java.lang.String, java.lang.String)[pri:0, instance:com.crm.qa.testcases.SignUpPageTest@78047b92]" name="SignInpage" duration-ms="3727" started-at="2021-02-23T00:49:11Z" data-provider="getCRMData" finished-at="2021-02-23T00:49:15Z">
          <params>
            <param index="0">
              <value>
                <![CDATA[Padmeshraj121@gmail.com]]>
              </value>
            </param>
            <param index="1">
              <value>
                <![CDATA[6.362458724E9]]>
              </value>
            </param>
          </params>
          <reporter-output>
          </reporter-output>
        </test-method> <!-- SignInpage -->
        <test-method status="PASS" signature="tearDown()[pri:0, instance:com.crm.qa.testcases.SignUpPageTest@78047b92]" name="tearDown" is-config="true" duration-ms="1356" started-at="2021-02-23T00:49:15Z" finished-at="2021-02-23T00:49:16Z">
          <reporter-output>
          </reporter-output>
        </test-method> <!-- tearDown -->
        <test-method status="PASS" signature="setup()[pri:0, instance:com.crm.qa.testcases.SignUpPageTest@78047b92]" name="setup" is-config="true" duration-ms="8537" started-at="2021-02-23T00:49:16Z" finished-at="2021-02-23T00:49:25Z">
          <reporter-output>
          </reporter-output>
        </test-method> <!-- setup -->
        <test-method status="PASS" signature="SignInpage(java.lang.String, java.lang.String)[pri:0, instance:com.crm.qa.testcases.SignUpPageTest@78047b92]" name="SignInpage" duration-ms="2886" started-at="2021-02-23T00:49:25Z" data-provider="getCRMData" finished-at="2021-02-23T00:49:28Z">
          <params>
            <param index="0">
              <value>
                <![CDATA[1.2344444E7]]>
              </value>
            </param>
            <param index="1">
              <value>
                <![CDATA[1.1222222E7]]>
              </value>
            </param>
          </params>
          <reporter-output>
          </reporter-output>
        </test-method> <!-- SignInpage -->
        <test-method status="PASS" signature="tearDown()[pri:0, instance:com.crm.qa.testcases.SignUpPageTest@78047b92]" name="tearDown" is-config="true" duration-ms="1314" started-at="2021-02-23T00:49:28Z" finished-at="2021-02-23T00:49:29Z">
          <reporter-output>
          </reporter-output>
        </test-method> <!-- tearDown -->
      </class> <!-- com.crm.qa.testcases.SignUpPageTest -->
      <class name="com.crm.qa.testcases.LoginPageTest">
        <test-method status="PASS" signature="setup()[pri:0, instance:com.crm.qa.testcases.LoginPageTest@8909f18]" name="setup" is-config="true" duration-ms="6393" started-at="2021-02-23T00:49:29Z" finished-at="2021-02-23T00:49:36Z">
          <reporter-output>
          </reporter-output>
        </test-method> <!-- setup -->
        <test-method status="PASS" signature="LoginButton()[pri:0, instance:com.crm.qa.testcases.LoginPageTest@8909f18]" name="LoginButton" duration-ms="6146" started-at="2021-02-23T00:49:36Z" finished-at="2021-02-23T00:49:42Z">
          <reporter-output>
          </reporter-output>
        </test-method> <!-- LoginButton -->
        <test-method status="PASS" signature="tearDown()[pri:0, instance:com.crm.qa.testcases.LoginPageTest@8909f18]" name="tearDown" is-config="true" duration-ms="1320" started-at="2021-02-23T00:49:42Z" finished-at="2021-02-23T00:49:43Z">
          <reporter-output>
          </reporter-output>
        </test-method> <!-- tearDown -->
        <test-method status="PASS" signature="setup()[pri:0, instance:com.crm.qa.testcases.LoginPageTest@8909f18]" name="setup" is-config="true" duration-ms="7078" started-at="2021-02-23T00:49:43Z" finished-at="2021-02-23T00:49:50Z">
          <reporter-output>
          </reporter-output>
        </test-method> <!-- setup -->
        <test-method status="PASS" signature="loginPageTitleTest()[pri:0, instance:com.crm.qa.testcases.LoginPageTest@8909f18]" name="loginPageTitleTest" duration-ms="21" started-at="2021-02-23T00:49:50Z" finished-at="2021-02-23T00:49:50Z">
          <reporter-output>
          </reporter-output>
        </test-method> <!-- loginPageTitleTest -->
        <test-method status="PASS" signature="tearDown()[pri:0, instance:com.crm.qa.testcases.LoginPageTest@8909f18]" name="tearDown" is-config="true" duration-ms="1254" started-at="2021-02-23T00:49:50Z" finished-at="2021-02-23T00:49:51Z">
          <reporter-output>
          </reporter-output>
        </test-method> <!-- tearDown -->
      </class> <!-- com.crm.qa.testcases.LoginPageTest -->
    </test> <!-- Test -->
  </suite> <!-- Suite -->
</testng-results>
