<?xml version="1.0" encoding="UTF-8"?>
<testng-results skipped="0" failed="0" total="4" passed="4">
  <reporter-output>
  </reporter-output>
  <suite name="Suite" duration-ms="47513" started-at="2021-02-22T15:19:16Z" finished-at="2021-02-22T15:20:03Z">
    <groups>
    </groups>
    <test name="Test" duration-ms="47513" started-at="2021-02-22T15:19:16Z" finished-at="2021-02-22T15:20:03Z">
      <class name="com.crm.qa.testcases.SignUpPageTest">
        <test-method status="PASS" signature="setup()[pri:0, instance:com.crm.qa.testcases.SignUpPageTest@78047b92]" name="setup" is-config="true" duration-ms="7321" started-at="2021-02-22T20:49:16Z" finished-at="2021-02-22T20:49:24Z">
          <reporter-output>
          </reporter-output>
        </test-method> <!-- setup -->
        <test-method status="PASS" signature="SignInpage(java.lang.String, java.lang.String)[pri:0, instance:com.crm.qa.testcases.SignUpPageTest@78047b92]" name="SignInpage" duration-ms="3497" started-at="2021-02-22T20:49:24Z" data-provider="getCRMData" finished-at="2021-02-22T20:49:27Z">
          <params>
            <param index="0">
              <value>
                <![CDATA[Padmeshraj121@gmail.com]]>
              </value>
            </param>
            <param index="1">
              <value>
                <![CDATA[6.362458724E9]]>
              </value>
            </param>
          </params>
          <reporter-output>
          </reporter-output>
        </test-method> <!-- SignInpage -->
        <test-method status="PASS" signature="tearDown()[pri:0, instance:com.crm.qa.testcases.SignUpPageTest@78047b92]" name="tearDown" is-config="true" duration-ms="1088" started-at="2021-02-22T20:49:27Z" finished-at="2021-02-22T20:49:28Z">
          <reporter-output>
          </reporter-output>
        </test-method> <!-- tearDown -->
        <test-method status="PASS" signature="setup()[pri:0, instance:com.crm.qa.testcases.SignUpPageTest@78047b92]" name="setup" is-config="true" duration-ms="6602" started-at="2021-02-22T20:49:28Z" finished-at="2021-02-22T20:49:35Z">
          <reporter-output>
          </reporter-output>
        </test-method> <!-- setup -->
        <test-method status="PASS" signature="SignInpage(java.lang.String, java.lang.String)[pri:0, instance:com.crm.qa.testcases.SignUpPageTest@78047b92]" name="SignInpage" duration-ms="3559" started-at="2021-02-22T20:49:35Z" data-provider="getCRMData" finished-at="2021-02-22T20:49:38Z">
          <params>
            <param index="0">
              <value>
                <![CDATA[1.2344444E7]]>
              </value>
            </param>
            <param index="1">
              <value>
                <![CDATA[1.1222222E7]]>
              </value>
            </param>
          </params>
          <reporter-output>
          </reporter-output>
        </test-method> <!-- SignInpage -->
        <test-method status="PASS" signature="tearDown()[pri:0, instance:com.crm.qa.testcases.SignUpPageTest@78047b92]" name="tearDown" is-config="true" duration-ms="1090" started-at="2021-02-22T20:49:39Z" finished-at="2021-02-22T20:49:40Z">
          <reporter-output>
          </reporter-output>
        </test-method> <!-- tearDown -->
      </class> <!-- com.crm.qa.testcases.SignUpPageTest -->
      <class name="com.crm.qa.testcases.LoginPageTest">
        <test-method status="PASS" signature="setup()[pri:0, instance:com.crm.qa.testcases.LoginPageTest@8909f18]" name="setup" is-config="true" duration-ms="6403" started-at="2021-02-22T20:49:40Z" finished-at="2021-02-22T20:49:46Z">
          <reporter-output>
          </reporter-output>
        </test-method> <!-- setup -->
        <test-method status="PASS" signature="LoginButton()[pri:0, instance:com.crm.qa.testcases.LoginPageTest@8909f18]" name="LoginButton" duration-ms="6552" started-at="2021-02-22T20:49:46Z" finished-at="2021-02-22T20:49:53Z">
          <reporter-output>
          </reporter-output>
        </test-method> <!-- LoginButton -->
        <test-method status="PASS" signature="tearDown()[pri:0, instance:com.crm.qa.testcases.LoginPageTest@8909f18]" name="tearDown" is-config="true" duration-ms="1092" started-at="2021-02-22T20:49:53Z" finished-at="2021-02-22T20:49:54Z">
          <reporter-output>
          </reporter-output>
        </test-method> <!-- tearDown -->
        <test-method status="PASS" signature="setup()[pri:0, instance:com.crm.qa.testcases.LoginPageTest@8909f18]" name="setup" is-config="true" duration-ms="8435" started-at="2021-02-22T20:49:54Z" finished-at="2021-02-22T20:50:02Z">
          <reporter-output>
          </reporter-output>
        </test-method> <!-- setup -->
        <test-method status="PASS" signature="loginPageTitleTest()[pri:0, instance:com.crm.qa.testcases.LoginPageTest@8909f18]" name="loginPageTitleTest" duration-ms="16" started-at="2021-02-22T20:50:02Z" finished-at="2021-02-22T20:50:02Z">
          <reporter-output>
          </reporter-output>
        </test-method> <!-- loginPageTitleTest -->
        <test-method status="PASS" signature="tearDown()[pri:0, instance:com.crm.qa.testcases.LoginPageTest@8909f18]" name="tearDown" is-config="true" duration-ms="1093" started-at="2021-02-22T20:50:02Z" finished-at="2021-02-22T20:50:03Z">
          <reporter-output>
          </reporter-output>
        </test-method> <!-- tearDown -->
      </class> <!-- com.crm.qa.testcases.LoginPageTest -->
    </test> <!-- Test -->
  </suite> <!-- Suite -->
</testng-results>
