<?xml version="1.0" encoding="UTF-8"?>
<!-- Generated by org.testng.reporters.JUnitXMLReporter -->
<testsuite hostname="MLBMYSL-105813" name="Test" tests="4" failures="0" timestamp="22 Feb 2021 19:19:51 GMT" time="50.927" errors="0">
  <testcase name="SignInpage" time="3.727" classname="com.crm.qa.testcases.SignUpPageTest"/>
  <testcase name="SignInpage" time="2.886" classname="com.crm.qa.testcases.SignUpPageTest"/>
  <testcase name="LoginButton" time="6.146" classname="com.crm.qa.testcases.LoginPageTest"/>
  <testcase name="loginPageTitleTest" time="0.021" classname="com.crm.qa.testcases.LoginPageTest"/>
</testsuite> <!-- Test -->
