<?xml version="1.0" encoding="UTF-8"?>
<!-- Generated by org.testng.reporters.JUnitXMLReporter -->
<testsuite hostname="MLBMYSL-105813" name="Test" tests="4" failures="0" timestamp="22 Feb 2021 15:20:03 GMT" time="47.513" errors="0">
  <testcase name="SignInpage" time="3.497" classname="com.crm.qa.testcases.SignUpPageTest"/>
  <testcase name="SignInpage" time="3.559" classname="com.crm.qa.testcases.SignUpPageTest"/>
  <testcase name="LoginButton" time="6.552" classname="com.crm.qa.testcases.LoginPageTest"/>
  <testcase name="loginPageTitleTest" time="0.016" classname="com.crm.qa.testcases.LoginPageTest"/>
</testsuite> <!-- Test -->
