<?xml version="1.0" encoding="UTF-8"?>
<!-- Generated by org.testng.reporters.JUnitXMLReporter -->
<testsuite hostname="MLBMYSL-105813" name="Regression" tests="4" failures="0" timestamp="22 Feb 2021 10:42:32 GMT" time="66.054" errors="0">
  <testcase name="LoginButton" time="6.695" classname="com.crm.qa.testcases.LoginPageTest"/>
  <testcase name="loginPageTitleTest" time="0.065" classname="com.crm.qa.testcases.LoginPageTest"/>
  <testcase name="SignInpage" time="5.125" classname="com.crm.qa.testcases.SignUpPageTest"/>
  <testcase name="SignInpage" time="4.126" classname="com.crm.qa.testcases.SignUpPageTest"/>
</testsuite> <!-- Regression -->
